Using pre-set license
Built from '2020.3/staging' branch; Version is '2020.3.22f1 (e1a7f79fd887) revision 14788599'; Using compiler version '192528614'; Build Type 'Release'
OS: 'Windows 10 Home; OS build 19042.1466; Version 2009; 64bit' Language: 'en' Physical Memory: 16263 MB
BatchMode: 1, IsHumanControllingUs: 0, StartBugReporterOnCrash: 0, Is64bit: 1, IsPro: 0

COMMAND LINE ARGUMENTS:
D:\Unity\2020.3.22f1\Editor\Unity.exe
-adb2
-batchMode
-noUpm
-name
AssetImportWorker0
-projectPath
D:/Uni/Year 3/Group Project/Super Adventure/super-adventure/Adventure
-logFile
Logs/AssetImportWorker0.log
-srvPort
52453
Successfully changed project path to: D:/Uni/Year 3/Group Project/Super Adventure/super-adventure/Adventure
D:/Uni/Year 3/Group Project/Super Adventure/super-adventure/Adventure
Using Asset Import Pipeline V2.
Refreshing native plugins compatible for Editor in 47.83 ms, found 3 plugins.
Preloading 0 native plugins for Editor in 0.00 ms.
Initialize engine version: 2020.3.22f1 (e1a7f79fd887)
[Subsystems] Discovering subsystems at path D:/Unity/2020.3.22f1/Editor/Data/Resources/UnitySubsystems
[Subsystems] Discovering subsystems at path D:/Uni/Year 3/Group Project/Super Adventure/super-adventure/Adventure/Assets
GfxDevice: creating device client; threaded=0
Direct3D:
    Version:  Direct3D 11.0 [level 11.1]
    Renderer: NVIDIA GeForce GTX 1070 (ID=0x1b81)
    Vendor:   
    VRAM:     8088 MB
    Driver:   30.0.14.9729
Initialize mono
Mono path[0] = 'D:/Unity/2020.3.22f1/Editor/Data/Managed'
Mono path[1] = 'D:/Unity/2020.3.22f1/Editor/Data/MonoBleedingEdge/lib/mono/unityjit'
Mono config path = 'D:/Unity/2020.3.22f1/Editor/Data/MonoBleedingEdge/etc'
Using monoOptions --debugger-agent=transport=dt_socket,embedding=1,server=y,suspend=n,address=127.0.0.1:56936
Begin MonoManager ReloadAssembly
Registering precompiled unity dll's ...
Register platform support module: D:/Unity/2020.3.22f1/Editor/Data/PlaybackEngines/WebGLSupport/UnityEditor.WebGL.Extensions.dll
Register platform support module: D:/Unity/2020.3.22f1/Editor/Data/PlaybackEngines/WindowsStandaloneSupport/UnityEditor.WindowsStandalone.Extensions.dll
Registered in 0.001279 seconds.
Native extension for WindowsStandalone target not found
Native extension for WebGL target not found
Refreshing native plugins compatible for Editor in 43.69 ms, found 3 plugins.
Preloading 0 native plugins for Editor in 0.00 ms.
Mono: successfully reloaded assembly
- Completed reload, in  1.330 seconds
Domain Reload Profiling:
	ReloadAssembly (1330ms)
		BeginReloadAssembly (70ms)
			ExecutionOrderSort (0ms)
			DisableScriptedObjects (0ms)
			BackupInstance (0ms)
			ReleaseScriptingObjects (0ms)
			CreateAndSetChildDomain (1ms)
		EndReloadAssembly (419ms)
			LoadAssemblies (70ms)
			RebuildTransferFunctionScriptingTraits (0ms)
			SetupTypeCache (143ms)
			ReleaseScriptCaches (0ms)
			RebuildScriptCaches (28ms)
			SetupLoadedEditorAssemblies (161ms)
				LogAssemblyErrors (0ms)
				InitializePlatformSupportModulesInManaged (5ms)
				SetLoadedEditorAssemblies (0ms)
				RefreshPlugins (44ms)
				BeforeProcessingInitializeOnLoad (13ms)
				ProcessInitializeOnLoadAttributes (73ms)
				ProcessInitializeOnLoadMethodAttributes (25ms)
				AfterProcessingInitializeOnLoad (0ms)
				EditorAssembliesLoaded (0ms)
			ExecutionOrderSort2 (0ms)
			AwakeInstancesAfterBackupRestoration (0ms)
Platform modules already initialized, skipping
Registering precompiled user dll's ...
Registered in 0.004397 seconds.
Begin MonoManager ReloadAssembly
Native extension for WindowsStandalone target not found
Native extension for WebGL target not found
Refreshing native plugins compatible for Editor in 43.12 ms, found 3 plugins.
Preloading 0 native plugins for Editor in 0.00 ms.
Mono: successfully reloaded assembly
- Completed reload, in  1.041 seconds
Domain Reload Profiling:
	ReloadAssembly (1041ms)
		BeginReloadAssembly (150ms)
			ExecutionOrderSort (0ms)
			DisableScriptedObjects (4ms)
			BackupInstance (0ms)
			ReleaseScriptingObjects (0ms)
			CreateAndSetChildDomain (18ms)
		EndReloadAssembly (838ms)
			LoadAssemblies (110ms)
			RebuildTransferFunctionScriptingTraits (0ms)
			SetupTypeCache (284ms)
			ReleaseScriptCaches (0ms)
			RebuildScriptCaches (43ms)
			SetupLoadedEditorAssemblies (310ms)
				LogAssemblyErrors (0ms)
				InitializePlatformSupportModulesInManaged (4ms)
				SetLoadedEditorAssemblies (0ms)
				RefreshPlugins (43ms)
				BeforeProcessingInitializeOnLoad (65ms)
				ProcessInitializeOnLoadAttributes (182ms)
				ProcessInitializeOnLoadMethodAttributes (14ms)
				AfterProcessingInitializeOnLoad (2ms)
				EditorAssembliesLoaded (0ms)
			ExecutionOrderSort2 (0ms)
			AwakeInstancesAfterBackupRestoration (6ms)
Platform modules already initialized, skipping
========================================================================
Worker process is ready to serve import requests
Launched and connected shader compiler UnityShaderCompiler.exe after 0.15 seconds
Refreshing native plugins compatible for Editor in 0.55 ms, found 3 plugins.
Preloading 0 native plugins for Editor in 0.00 ms.
Unloading 2246 Unused Serialized files (Serialized files now loaded: 0)
System memory in use before: 99.6 MB.
System memory in use after: 99.8 MB.

Unloading 28 unused Assets to reduce memory usage. Loaded Objects now: 2687.
Total: 3.325400 ms (FindLiveObjects: 0.164900 ms CreateObjectMapping: 0.065600 ms MarkObjects: 3.069200 ms  DeleteObjects: 0.024900 ms)

AssetImportParameters requested are different than current active one (requested -> active):
  custom:framework-win-MediaFoundation: 216162199b28c13a410421893ffa2e32 -> 
  custom:video-decoder-ogg-theora: a1e56fd34408186e4bbccfd4996cb3dc -> 
  custom:container-muxer-webm: aa71ff27fc2769a1b78a27578f13a17b -> 
  custom:container-demuxer-webm: 4f35f7cbe854078d1ac9338744f61a02 -> 
  custom:container-demuxer-ogg: 62fdf1f143b41e24485cea50d1cbac27 -> 
  custom:video-encoder-webm-vp8: eb34c28f22e8b96e1ab97ce403110664 -> 
  custom:video-codec-MediaFoundation-h265: 746d11721c4dcdbdad8f713fa42b33f4 -> 
  custom:video-decoder-webm-vp8: 9c59270c3fd7afecdb556c50c9e8de78 -> 
  custom:audio-decoder-ogg-vorbis: bf7c407c2cedff20999df2af8eb42d56 -> 
  custom:audio-encoder-webm-vorbis: bf7c407c2cedff20999df2af8eb42d56 -> 
========================================================================
Received Import Request.
  path: Assets/princessMaskSquare.png
  artifactKey: Guid(62365822072e52f44bfd8d8c723f6763) Importer(815301076,1909f56bfc062723c751e8b465ee728b)
Start importing Assets/princessMaskSquare.png using Guid(62365822072e52f44bfd8d8c723f6763) Importer(815301076,1909f56bfc062723c751e8b465ee728b)  -> (artifact id: '9b5b6f37c30c8d27f5054dae9e624bc7') in 0.209611 seconds 
  Import took 0.253165 seconds .

========================================================================
Received Import Request.
  Time since last request: 0.011916 seconds.
  path: Assets/Axe.png
  artifactKey: Guid(a6fca2f16129bb84a80e8ce25cd450dd) Importer(815301076,1909f56bfc062723c751e8b465ee728b)
Start importing Assets/Axe.png using Guid(a6fca2f16129bb84a80e8ce25cd450dd) Importer(815301076,1909f56bfc062723c751e8b465ee728b)  -> (artifact id: '24b72f51a1ca35f71121a70e2ab1256f') in 0.033596 seconds 
  Import took 0.091239 seconds .

========================================================================
Received Import Request.
  Time since last request: 0.000291 seconds.
  path: Assets/tokens_stack.png
  artifactKey: Guid(17feee2df319e1344951cc22671bd515) Importer(815301076,1909f56bfc062723c751e8b465ee728b)
Start importing Assets/tokens_stack.png using Guid(17feee2df319e1344951cc22671bd515) Importer(815301076,1909f56bfc062723c751e8b465ee728b)  -> (artifact id: '2fb9e6dd291c1a4c35ae63d09bae724f') in 0.042607 seconds 
  Import took 0.056639 seconds .

========================================================================
Received Import Request.
  Time since last request: 0.000190 seconds.
  path: Assets/MaskPrincess.png
  artifactKey: Guid(cfba598c402c6144f95642bfe395d0a5) Importer(815301076,1909f56bfc062723c751e8b465ee728b)
Start importing Assets/MaskPrincess.png using Guid(cfba598c402c6144f95642bfe395d0a5) Importer(815301076,1909f56bfc062723c751e8b465ee728b)  -> (artifact id: '5dfbfeef92166836aaa75dd010e238e3') in 0.055530 seconds 
  Import took 0.063773 seconds .

========================================================================
Received Import Request.
  Time since last request: 0.000229 seconds.
  path: Assets/Bridge.png
  artifactKey: Guid(1cdbc87ec607ae4438198a1840f5130b) Importer(815301076,1909f56bfc062723c751e8b465ee728b)
Start importing Assets/Bridge.png using Guid(1cdbc87ec607ae4438198a1840f5130b) Importer(815301076,1909f56bfc062723c751e8b465ee728b)  -> (artifact id: '66237583bbf631c74943cd01883ca633') in 0.024771 seconds 
  Import took 0.069197 seconds .

========================================================================
Received Import Request.
  Time since last request: 118.924764 seconds.
  path: Assets/Art/Big Ed.psb
  artifactKey: Guid(5099637272fe82d4abf01b62d36f5a28) Importer(815301076,1909f56bfc062723c751e8b465ee728b)
Start importing Assets/Art/Big Ed.psb using Guid(5099637272fe82d4abf01b62d36f5a28) Importer(815301076,1909f56bfc062723c751e8b465ee728b)  -> (artifact id: '5758ef59f3b4911fe2ffae4ec6c441e3') in 0.161150 seconds 
  Import took 0.190864 seconds .

========================================================================
Received Import Request.
  Time since last request: 34.174256 seconds.
  path: Assets/Scenes/BattleScenes/Beach.unity
  artifactKey: Guid(1e552f9ae71475847a9473c5505a338a) Importer(815301076,1909f56bfc062723c751e8b465ee728b)
Start importing Assets/Scenes/BattleScenes/Beach.unity using Guid(1e552f9ae71475847a9473c5505a338a) Importer(815301076,1909f56bfc062723c751e8b465ee728b)  -> (artifact id: '2daa417cfbe4688869a18c0c9221ab47') in 0.005678 seconds 
  Import took 0.033464 seconds .

========================================================================
Received Import Request.
  Time since last request: 56.685631 seconds.
  path: Assets/Art/Big Ed.png
  artifactKey: Guid(a24a65ef034b7cd4f8c7e53358fa08b9) Importer(815301076,1909f56bfc062723c751e8b465ee728b)
Start importing Assets/Art/Big Ed.png using Guid(a24a65ef034b7cd4f8c7e53358fa08b9) Importer(815301076,1909f56bfc062723c751e8b465ee728b)  -> (artifact id: '5461fafd21614d328e6e8b27c980cd32') in 0.016668 seconds 
  Import took 0.041449 seconds .

========================================================================
Received Import Request.
  Time since last request: 21.908490 seconds.
  path: Assets/Art/Characters
  artifactKey: Guid(ed70c436fb0122e4c8c5c0dac5fda9f1) Importer(815301076,1909f56bfc062723c751e8b465ee728b)
Start importing Assets/Art/Characters using Guid(ed70c436fb0122e4c8c5c0dac5fda9f1) Importer(815301076,1909f56bfc062723c751e8b465ee728b)  -> (artifact id: 'a7b3008c8e5a89781b874322797aca52') in 0.005169 seconds 
  Import took 0.139775 seconds .

========================================================================
Received Import Request.
  Time since last request: 30.850552 seconds.
  path: Assets/Art/Boss Weapon.png
  artifactKey: Guid(04f432f214ba54d4194235b1af4268d4) Importer(815301076,1909f56bfc062723c751e8b465ee728b)
Start importing Assets/Art/Boss Weapon.png using Guid(04f432f214ba54d4194235b1af4268d4) Importer(815301076,1909f56bfc062723c751e8b465ee728b)  -> (artifact id: 'd419308a11880aeed99e92fb49bb00d7') in 0.012896 seconds 
  Import took 0.039915 seconds .

========================================================================
Received Import Request.
  Time since last request: 88.421638 seconds.
  path: Assets/Art/Big Ed.png
  artifactKey: Guid(a24a65ef034b7cd4f8c7e53358fa08b9) Importer(815301076,1909f56bfc062723c751e8b465ee728b)
Start importing Assets/Art/Big Ed.png using Guid(a24a65ef034b7cd4f8c7e53358fa08b9) Importer(815301076,1909f56bfc062723c751e8b465ee728b)  -> (artifact id: '519945b4c0ece72d952d101b04a205f8') in 0.014356 seconds 
  Import took 0.170151 seconds .

AssetImportWorkerClient::OnTransportError - code=2 error=End of file
